{"date":"2023-03-18T11:55:21.390Z","level":"info","message":"Request received","method":"GET","service":"user-service","url":"/api-docs"}
{"date":"2023-03-18T11:55:21.465Z","level":"info","message":"Request received","method":"GET","service":"user-service","url":"/api-docs/"}
{"date":"2023-03-18T11:55:21.630Z","level":"info","message":"Request received","method":"GET","service":"user-service","url":"/api-docs/swagger-ui.css"}
{"date":"2023-03-18T11:55:21.633Z","level":"info","message":"Request received","method":"GET","service":"user-service","url":"/api-docs/swagger-ui-bundle.js"}
{"date":"2023-03-18T11:55:21.640Z","level":"info","message":"Request received","method":"GET","service":"user-service","url":"/api-docs/swagger-ui-standalone-preset.js"}
{"date":"2023-03-18T11:55:21.644Z","level":"info","message":"Request received","method":"GET","service":"user-service","url":"/api-docs/swagger-ui-init.js"}
{"date":"2023-03-18T11:55:23.331Z","level":"info","message":"Request received","method":"GET","service":"user-service","url":"/api-docs/favicon-32x32.png"}
{"date":"2023-03-18T11:56:28.283Z","level":"info","message":"Request received","method":"GET","service":"user-service","url":"/api-docs/"}
{"date":"2023-03-18T11:56:28.376Z","level":"info","message":"Request received","method":"GET","service":"user-service","url":"/api-docs/swagger-ui.css"}
{"date":"2023-03-18T11:56:28.382Z","level":"info","message":"Request received","method":"GET","service":"user-service","url":"/api-docs/swagger-ui-bundle.js"}
{"date":"2023-03-18T11:56:28.386Z","level":"info","message":"Request received","method":"GET","service":"user-service","url":"/api-docs/swagger-ui-init.js"}
{"date":"2023-03-18T11:56:28.398Z","level":"info","message":"Request received","method":"GET","service":"user-service","url":"/api-docs/swagger-ui-standalone-preset.js"}
{"date":"2023-03-18T11:56:28.964Z","level":"info","message":"Request received","method":"GET","service":"user-service","url":"/api-docs/favicon-32x32.png"}
{"date":"2023-03-18T12:02:10.800Z","level":"info","message":"Request received","method":"GET","service":"user-service","url":"/api-docs/"}
{"date":"2023-03-18T12:02:10.885Z","level":"info","message":"Request received","method":"GET","service":"user-service","url":"/api-docs/swagger-ui.css"}
{"date":"2023-03-18T12:02:10.889Z","level":"info","message":"Request received","method":"GET","service":"user-service","url":"/api-docs/swagger-ui-bundle.js"}
{"date":"2023-03-18T12:02:10.903Z","level":"info","message":"Request received","method":"GET","service":"user-service","url":"/api-docs/swagger-ui-standalone-preset.js"}
{"date":"2023-03-18T12:02:10.906Z","level":"info","message":"Request received","method":"GET","service":"user-service","url":"/api-docs/swagger-ui-init.js"}
{"date":"2023-03-18T12:02:11.324Z","level":"info","message":"Request received","method":"GET","service":"user-service","url":"/api-docs/favicon-32x32.png"}
{"date":"2023-03-18T12:04:34.661Z","level":"info","message":"Request received","method":"GET","service":"user-service","url":"/api-docs/"}
{"date":"2023-03-18T12:04:34.744Z","level":"info","message":"Request received","method":"GET","service":"user-service","url":"/api-docs/swagger-ui.css"}
{"date":"2023-03-18T12:04:34.759Z","level":"info","message":"Request received","method":"GET","service":"user-service","url":"/api-docs/swagger-ui-bundle.js"}
{"date":"2023-03-18T12:04:34.770Z","level":"info","message":"Request received","method":"GET","service":"user-service","url":"/api-docs/swagger-ui-standalone-preset.js"}
{"date":"2023-03-18T12:04:34.773Z","level":"info","message":"Request received","method":"GET","service":"user-service","url":"/api-docs/swagger-ui-init.js"}
{"date":"2023-03-18T12:04:35.172Z","level":"info","message":"Request received","method":"GET","service":"user-service","url":"/api-docs/favicon-32x32.png"}
{"date":"2023-03-18T12:04:48.524Z","level":"info","message":"Request received","method":"GET","service":"user-service","url":"/api-docs/"}
{"date":"2023-03-18T12:04:48.581Z","level":"info","message":"Request received","method":"GET","service":"user-service","url":"/api-docs/swagger-ui.css"}
{"date":"2023-03-18T12:04:48.591Z","level":"info","message":"Request received","method":"GET","service":"user-service","url":"/api-docs/swagger-ui-bundle.js"}
{"date":"2023-03-18T12:04:48.604Z","level":"info","message":"Request received","method":"GET","service":"user-service","url":"/api-docs/swagger-ui-standalone-preset.js"}
{"date":"2023-03-18T12:04:48.609Z","level":"info","message":"Request received","method":"GET","service":"user-service","url":"/api-docs/swagger-ui-init.js"}
{"date":"2023-03-18T12:04:49.064Z","level":"info","message":"Request received","method":"GET","service":"user-service","url":"/api-docs/favicon-32x32.png"}
{"date":"2023-03-18T12:05:49.706Z","level":"info","message":"Request received","method":"GET","service":"user-service","url":"/api-docs/"}
{"date":"2023-03-18T12:05:49.785Z","level":"info","message":"Request received","method":"GET","service":"user-service","url":"/api-docs/swagger-ui.css"}
{"date":"2023-03-18T12:05:49.802Z","level":"info","message":"Request received","method":"GET","service":"user-service","url":"/api-docs/swagger-ui-bundle.js"}
{"date":"2023-03-18T12:05:49.816Z","level":"info","message":"Request received","method":"GET","service":"user-service","url":"/api-docs/swagger-ui-standalone-preset.js"}
{"date":"2023-03-18T12:05:49.825Z","level":"info","message":"Request received","method":"GET","service":"user-service","url":"/api-docs/swagger-ui-init.js"}
{"date":"2023-03-18T12:05:50.213Z","level":"info","message":"Request received","method":"GET","service":"user-service","url":"/api-docs/favicon-32x32.png"}
{"date":"2023-03-18T12:07:05.429Z","level":"info","message":"Request received","method":"GET","service":"user-service","url":"/api-docs/"}
{"date":"2023-03-18T12:07:05.494Z","level":"info","message":"Request received","method":"GET","service":"user-service","url":"/api-docs/swagger-ui.css"}
{"date":"2023-03-18T12:07:05.501Z","level":"info","message":"Request received","method":"GET","service":"user-service","url":"/api-docs/swagger-ui-bundle.js"}
{"date":"2023-03-18T12:07:05.514Z","level":"info","message":"Request received","method":"GET","service":"user-service","url":"/api-docs/swagger-ui-standalone-preset.js"}
{"date":"2023-03-18T12:07:05.520Z","level":"info","message":"Request received","method":"GET","service":"user-service","url":"/api-docs/swagger-ui-init.js"}
{"date":"2023-03-18T12:07:05.974Z","level":"info","message":"Request received","method":"GET","service":"user-service","url":"/api-docs/favicon-32x32.png"}
{"date":"2023-03-18T12:09:27.137Z","level":"info","message":"Request received","method":"GET","service":"user-service","url":"/api-docs/"}
{"date":"2023-03-18T12:09:27.200Z","level":"info","message":"Request received","method":"GET","service":"user-service","url":"/api-docs/swagger-ui.css"}
{"date":"2023-03-18T12:09:27.204Z","level":"info","message":"Request received","method":"GET","service":"user-service","url":"/api-docs/swagger-ui-bundle.js"}
{"date":"2023-03-18T12:09:27.213Z","level":"info","message":"Request received","method":"GET","service":"user-service","url":"/api-docs/swagger-ui-standalone-preset.js"}
{"date":"2023-03-18T12:09:27.231Z","level":"info","message":"Request received","method":"GET","service":"user-service","url":"/api-docs/swagger-ui-init.js"}
{"date":"2023-03-18T12:09:27.598Z","level":"info","message":"Request received","method":"GET","service":"user-service","url":"/api-docs/favicon-32x32.png"}
{"date":"2023-03-18T12:10:43.626Z","level":"info","message":"Request received","method":"GET","service":"user-service","url":"/api-docs/"}
{"date":"2023-03-18T12:10:43.728Z","level":"info","message":"Request received","method":"GET","service":"user-service","url":"/api-docs/swagger-ui.css"}
{"date":"2023-03-18T12:10:43.735Z","level":"info","message":"Request received","method":"GET","service":"user-service","url":"/api-docs/swagger-ui-bundle.js"}
{"date":"2023-03-18T12:10:43.741Z","level":"info","message":"Request received","method":"GET","service":"user-service","url":"/api-docs/swagger-ui-standalone-preset.js"}
{"date":"2023-03-18T12:10:43.755Z","level":"info","message":"Request received","method":"GET","service":"user-service","url":"/api-docs/swagger-ui-init.js"}
{"date":"2023-03-18T12:10:44.968Z","level":"info","message":"Request received","method":"GET","service":"user-service","url":"/api-docs/favicon-32x32.png"}
{"date":"2023-03-18T12:11:20.372Z","level":"info","message":"Request received","method":"GET","service":"user-service","url":"/api-docs/"}
{"date":"2023-03-18T12:11:20.452Z","level":"info","message":"Request received","method":"GET","service":"user-service","url":"/api-docs/swagger-ui.css"}
{"date":"2023-03-18T12:11:20.471Z","level":"info","message":"Request received","method":"GET","service":"user-service","url":"/api-docs/swagger-ui-bundle.js"}
{"date":"2023-03-18T12:11:20.475Z","level":"info","message":"Request received","method":"GET","service":"user-service","url":"/api-docs/swagger-ui-init.js"}
{"date":"2023-03-18T12:11:20.480Z","level":"info","message":"Request received","method":"GET","service":"user-service","url":"/api-docs/swagger-ui-standalone-preset.js"}
{"date":"2023-03-18T12:11:21.001Z","level":"info","message":"Request received","method":"GET","service":"user-service","url":"/api-docs/favicon-32x32.png"}
{"date":"2023-03-18T12:12:15.984Z","level":"info","message":"Request received","method":"GET","service":"user-service","url":"/api-docs/"}
{"date":"2023-03-18T12:12:16.073Z","level":"info","message":"Request received","method":"GET","service":"user-service","url":"/api-docs/swagger-ui.css"}
{"date":"2023-03-18T12:12:16.085Z","level":"info","message":"Request received","method":"GET","service":"user-service","url":"/api-docs/swagger-ui-standalone-preset.js"}
{"date":"2023-03-18T12:12:16.101Z","level":"info","message":"Request received","method":"GET","service":"user-service","url":"/api-docs/swagger-ui-bundle.js"}
{"date":"2023-03-18T12:12:16.104Z","level":"info","message":"Request received","method":"GET","service":"user-service","url":"/api-docs/swagger-ui-init.js"}
{"date":"2023-03-18T12:12:16.472Z","level":"info","message":"Request received","method":"GET","service":"user-service","url":"/api-docs/favicon-32x32.png"}
{"date":"2023-03-18T12:13:28.892Z","level":"info","message":"Request received","method":"GET","service":"user-service","url":"/api-docs/favicon-32x32.png"}
{"date":"2023-03-18T12:13:28.921Z","level":"info","message":"Request received","method":"GET","service":"user-service","url":"/api-docs/"}
{"date":"2023-03-18T12:13:29.107Z","level":"info","message":"Request received","method":"GET","service":"user-service","url":"/api-docs/swagger-ui.css"}
{"date":"2023-03-18T12:13:29.117Z","level":"info","message":"Request received","method":"GET","service":"user-service","url":"/api-docs/swagger-ui-bundle.js"}
{"date":"2023-03-18T12:13:29.121Z","level":"info","message":"Request received","method":"GET","service":"user-service","url":"/api-docs/swagger-ui-standalone-preset.js"}
{"date":"2023-03-18T12:13:29.123Z","level":"info","message":"Request received","method":"GET","service":"user-service","url":"/api-docs/swagger-ui-init.js"}
{"date":"2023-03-18T12:13:32.976Z","level":"info","message":"Request received","method":"GET","service":"user-service","url":"/api-docs/"}
{"date":"2023-03-18T12:13:33.029Z","level":"info","message":"Request received","method":"GET","service":"user-service","url":"/api-docs/swagger-ui.css"}
{"date":"2023-03-18T12:13:33.040Z","level":"info","message":"Request received","method":"GET","service":"user-service","url":"/api-docs/swagger-ui-bundle.js"}
{"date":"2023-03-18T12:13:33.049Z","level":"info","message":"Request received","method":"GET","service":"user-service","url":"/api-docs/swagger-ui-standalone-preset.js"}
{"date":"2023-03-18T12:13:33.056Z","level":"info","message":"Request received","method":"GET","service":"user-service","url":"/api-docs/swagger-ui-init.js"}
{"date":"2023-03-18T12:13:33.422Z","level":"info","message":"Request received","method":"GET","service":"user-service","url":"/api-docs/favicon-32x32.png"}
{"date":"2023-03-18T12:13:56.838Z","level":"info","message":"Request received","method":"GET","service":"user-service","url":"/api-docs/"}
{"date":"2023-03-18T12:13:56.912Z","level":"info","message":"Request received","method":"GET","service":"user-service","url":"/api-docs/swagger-ui.css"}
{"date":"2023-03-18T12:13:56.930Z","level":"info","message":"Request received","method":"GET","service":"user-service","url":"/api-docs/swagger-ui-bundle.js"}
{"date":"2023-03-18T12:13:56.937Z","level":"info","message":"Request received","method":"GET","service":"user-service","url":"/api-docs/swagger-ui-init.js"}
{"date":"2023-03-18T12:13:56.942Z","level":"info","message":"Request received","method":"GET","service":"user-service","url":"/api-docs/swagger-ui-standalone-preset.js"}
{"date":"2023-03-18T12:13:57.288Z","level":"info","message":"Request received","method":"GET","service":"user-service","url":"/api-docs/favicon-32x32.png"}
{"date":"2023-03-18T12:14:06.576Z","level":"info","message":"Request received","method":"GET","service":"user-service","url":"/api-docs/"}
{"date":"2023-03-18T12:14:06.625Z","level":"info","message":"Request received","method":"GET","service":"user-service","url":"/api-docs/swagger-ui.css"}
{"date":"2023-03-18T12:14:06.631Z","level":"info","message":"Request received","method":"GET","service":"user-service","url":"/api-docs/swagger-ui-bundle.js"}
{"date":"2023-03-18T12:14:06.646Z","level":"info","message":"Request received","method":"GET","service":"user-service","url":"/api-docs/swagger-ui-standalone-preset.js"}
{"date":"2023-03-18T12:14:06.657Z","level":"info","message":"Request received","method":"GET","service":"user-service","url":"/api-docs/swagger-ui-init.js"}
{"date":"2023-03-18T12:14:06.947Z","level":"info","message":"Request received","method":"GET","service":"user-service","url":"/api-docs/favicon-32x32.png"}
{"date":"2023-03-18T12:14:40.464Z","level":"info","message":"Request received","method":"GET","service":"user-service","url":"/api-docs/"}
{"date":"2023-03-18T12:14:40.572Z","level":"info","message":"Request received","method":"GET","service":"user-service","url":"/api-docs/swagger-ui.css"}
{"date":"2023-03-18T12:14:40.578Z","level":"info","message":"Request received","method":"GET","service":"user-service","url":"/api-docs/swagger-ui-bundle.js"}
{"date":"2023-03-18T12:14:40.586Z","level":"info","message":"Request received","method":"GET","service":"user-service","url":"/api-docs/swagger-ui-standalone-preset.js"}
{"date":"2023-03-18T12:14:40.609Z","level":"info","message":"Request received","method":"GET","service":"user-service","url":"/api-docs/swagger-ui-init.js"}
{"date":"2023-03-18T12:14:41.266Z","level":"info","message":"Request received","method":"GET","service":"user-service","url":"/api-docs/favicon-32x32.png"}
{"date":"2023-03-18T12:29:00.797Z","level":"info","message":"Request received","method":"GET","service":"user-service","url":"/"}
{"date":"2023-03-18T12:30:38.116Z","level":"info","message":"Request received","method":"GET","service":"user-service","url":"/"}
{"date":"2023-03-18T12:38:23.451Z","level":"info","message":"Request received","method":"GET","service":"user-service","url":"/api-docs/"}
{"date":"2024-05-07T16:18:10.135Z","level":"info","message":"Request received","method":"GET","service":"user-service","url":"/docs"}
{"date":"2024-05-07T16:18:27.049Z","level":"info","message":"Request received","method":"GET","service":"user-service","url":"/api-docs"}
{"date":"2024-05-07T16:18:27.067Z","level":"info","message":"Request received","method":"GET","service":"user-service","url":"/api-docs/"}
{"date":"2024-05-07T16:18:27.094Z","level":"info","message":"Request received","method":"GET","service":"user-service","url":"/api-docs/swagger-ui.css"}
{"date":"2024-05-07T16:18:27.097Z","level":"info","message":"Request received","method":"GET","service":"user-service","url":"/api-docs/swagger-ui-bundle.js"}
{"date":"2024-05-07T16:18:27.110Z","level":"info","message":"Request received","method":"GET","service":"user-service","url":"/api-docs/swagger-ui-standalone-preset.js"}
{"date":"2024-05-07T16:18:27.112Z","level":"info","message":"Request received","method":"GET","service":"user-service","url":"/api-docs/swagger-ui-init.js"}
{"date":"2024-05-07T16:18:27.434Z","level":"info","message":"Request received","method":"GET","service":"user-service","url":"/api-docs/favicon-32x32.png"}
{"date":"2024-05-07T17:12:28.623Z","level":"info","message":"Request received","method":"POST","service":"user-service","url":"/api/auth/register"}
{"date":"2024-05-07T17:14:26.222Z","level":"info","message":"Request received","method":"POST","service":"user-service","url":"/api/auth/register.com"}
{"date":"2024-05-07T17:17:03.792Z","level":"info","message":"Request received","method":"POST","service":"user-service","url":"/auth/register.com"}
{"date":"2024-05-07T17:19:04.827Z","level":"info","message":"Request received","method":"POST","service":"user-service","url":"/auth/register"}
{"date":"2024-05-07T17:19:05.170Z","level":"error","message":"user validation failed: role: `Worker` is not a valid enum value for path `role`.","method":"POST","service":"user-service","url":"/register"}
{"date":"2024-05-07T17:22:33.042Z","level":"info","message":"Request received","method":"GET","service":"user-service","url":"/api-docs/"}
{"date":"2024-05-07T17:22:33.094Z","level":"info","message":"Request received","method":"GET","service":"user-service","url":"/api-docs/swagger-ui.css"}
{"date":"2024-05-07T17:22:33.097Z","level":"info","message":"Request received","method":"GET","service":"user-service","url":"/api-docs/swagger-ui-bundle.js"}
{"date":"2024-05-07T17:22:33.111Z","level":"info","message":"Request received","method":"GET","service":"user-service","url":"/api-docs/swagger-ui-standalone-preset.js"}
{"date":"2024-05-07T17:22:33.114Z","level":"info","message":"Request received","method":"GET","service":"user-service","url":"/api-docs/swagger-ui-init.js"}
{"date":"2024-05-07T17:22:33.278Z","level":"info","message":"Request received","method":"GET","service":"user-service","url":"/api-docs/favicon-32x32.png"}
{"date":"2024-05-07T17:27:31.927Z","level":"info","message":"Request received","method":"GET","service":"user-service","url":"/api-docs/"}
{"date":"2024-05-07T17:27:31.968Z","level":"info","message":"Request received","method":"GET","service":"user-service","url":"/api-docs/swagger-ui.css"}
{"date":"2024-05-07T17:27:31.970Z","level":"info","message":"Request received","method":"GET","service":"user-service","url":"/api-docs/swagger-ui-bundle.js"}
{"date":"2024-05-07T17:27:31.976Z","level":"info","message":"Request received","method":"GET","service":"user-service","url":"/api-docs/swagger-ui-standalone-preset.js"}
{"date":"2024-05-07T17:27:31.978Z","level":"info","message":"Request received","method":"GET","service":"user-service","url":"/api-docs/swagger-ui-init.js"}
{"date":"2024-05-07T17:27:32.130Z","level":"info","message":"Request received","method":"GET","service":"user-service","url":"/api-docs/favicon-32x32.png"}
{"date":"2024-05-07T17:27:43.572Z","level":"info","message":"Request received","method":"POST","service":"user-service","url":"/auth/register"}
{"date":"2024-05-07T17:27:44.641Z","level":"error","message":"user validation failed: email: Invalid Email, role: `any` is not a valid enum value for path `role`.","method":"POST","service":"user-service","url":"/register"}
{"date":"2024-05-07T17:28:04.628Z","level":"info","message":"Request received","method":"POST","service":"user-service","url":"/auth/register"}
{"date":"2024-05-07T17:28:04.941Z","level":"error","message":"user validation failed: email: Invalid Email","method":"POST","service":"user-service","url":"/register"}
{"date":"2024-05-07T17:29:10.750Z","level":"info","message":"Request received","method":"POST","service":"user-service","url":"/auth/register"}
{"date":"2024-05-07T17:29:25.081Z","level":"info","message":"Request received","method":"POST","service":"user-service","url":"/auth/register"}
{"date":"2024-05-07T17:30:05.413Z","level":"info","message":"Request received","method":"GET","service":"user-service","url":"/auth/me"}
{"date":"2024-05-07T17:30:53.155Z","level":"info","message":"Request received","method":"POST","service":"user-service","url":"/auth/login"}
{"date":"2024-05-07T17:31:09.841Z","level":"info","message":"Request received","method":"GET","service":"user-service","url":"/auth/me"}
{"date":"2024-05-07T17:31:10.919Z","level":"info","message":"Request received","method":"GET","service":"user-service","url":"/auth/me"}
{"date":"2024-05-07T17:31:12.472Z","level":"info","message":"Request received","method":"GET","service":"user-service","url":"/auth/me"}
{"date":"2024-05-07T17:31:14.075Z","level":"info","message":"Request received","method":"GET","service":"user-service","url":"/auth/me"}
{"date":"2024-05-07T17:54:04.835Z","level":"info","message":"Request received","method":"POST","service":"user-service","url":"/auth/login"}
{"date":"2024-05-07T18:00:19.922Z","level":"info","message":"Request received","method":"GET","service":"user-service","url":"/api-docs/"}
{"date":"2024-05-07T18:00:19.997Z","level":"info","message":"Request received","method":"GET","service":"user-service","url":"/api-docs/swagger-ui.css"}
{"date":"2024-05-07T18:00:19.999Z","level":"info","message":"Request received","method":"GET","service":"user-service","url":"/api-docs/swagger-ui-bundle.js"}
{"date":"2024-05-07T18:00:20.002Z","level":"info","message":"Request received","method":"GET","service":"user-service","url":"/api-docs/swagger-ui-init.js"}
{"date":"2024-05-07T18:00:20.006Z","level":"info","message":"Request received","method":"GET","service":"user-service","url":"/api-docs/swagger-ui-standalone-preset.js"}
{"date":"2024-05-07T18:00:20.175Z","level":"info","message":"Request received","method":"GET","service":"user-service","url":"/api-docs/favicon-32x32.png"}
{"date":"2024-05-07T18:00:48.866Z","level":"info","message":"Request received","method":"POST","service":"user-service","url":"/auth/login"}
{"date":"2024-05-07T18:00:50.257Z","level":"error","message":"Invalid credentials","method":"POST","service":"user-service","url":"/login"}
{"date":"2024-05-07T18:00:57.782Z","level":"info","message":"Request received","method":"POST","service":"user-service","url":"/auth/login"}
{"date":"2024-05-07T18:00:58.223Z","level":"error","message":"Invalid credentials","method":"POST","service":"user-service","url":"/login"}
{"date":"2024-05-07T18:01:02.435Z","level":"info","message":"Request received","method":"POST","service":"user-service","url":"/auth/login"}
{"date":"2024-05-07T18:01:02.938Z","level":"error","message":"Invalid credentials","method":"POST","service":"user-service","url":"/login"}
{"date":"2024-05-07T18:04:18.979Z","level":"info","message":"Request received","method":"POST","service":"user-service","url":"/auth/register"}
{"date":"2024-05-07T18:21:53.836Z","level":"info","message":"Request received","method":"POST","service":"user-service","url":"/auth/register"}
{"date":"2024-05-07T18:21:54.126Z","level":"error","message":"User already exists","method":"POST","service":"user-service","url":"/register"}
{"date":"2024-05-07T18:37:46.601Z","level":"info","message":"Request received","method":"POST","service":"user-service","url":"/auth/register"}
{"date":"2024-05-07T18:37:46.939Z","level":"error","message":"User already exists","method":"POST","service":"user-service","url":"/register"}
{"date":"2024-05-07T18:38:39.477Z","level":"info","message":"Request received","method":"POST","service":"user-service","url":"/auth/login"}
{"date":"2024-05-07T18:41:12.785Z","level":"info","message":"Request received","method":"POST","service":"user-service","url":"/auth/register"}
{"date":"2024-05-07T18:42:17.582Z","level":"info","message":"Request received","method":"GET","service":"user-service","url":"/auth/register"}
{"date":"2024-05-07T18:57:09.116Z","level":"info","message":"Request received","method":"POST","service":"user-service","url":"/auth/register"}
{"date":"2024-05-07T19:06:13.092Z","level":"info","message":"Request received","method":"POST","service":"user-service","url":"/auth/register"}
{"date":"2024-05-07T19:06:56.780Z","level":"info","message":"Request received","method":"POST","service":"user-service","url":"/auth/register"}
{"date":"2024-05-07T19:06:56.805Z","level":"info","message":"Request received","method":"POST","service":"user-service","url":"/auth/register"}
{"date":"2024-05-07T19:06:57.067Z","level":"error","message":"User already exists","method":"POST","service":"user-service","url":"/register"}
{"date":"2024-05-07T19:06:57.117Z","level":"error","message":"User already exists","method":"POST","service":"user-service","url":"/register"}
{"date":"2024-05-07T19:08:37.760Z","level":"info","message":"Request received","method":"POST","service":"user-service","url":"/auth/register"}
{"date":"2024-05-07T19:08:38.044Z","level":"error","message":"User already exists","method":"POST","service":"user-service","url":"/register"}
{"date":"2024-05-07T19:08:38.444Z","level":"info","message":"Request received","method":"POST","service":"user-service","url":"/auth/register"}
{"date":"2024-05-07T19:08:38.724Z","level":"error","message":"User already exists","method":"POST","service":"user-service","url":"/register"}
{"date":"2024-05-07T19:09:54.774Z","level":"info","message":"Request received","method":"POST","service":"user-service","url":"/auth/register"}
{"date":"2024-05-07T19:10:39.723Z","level":"info","message":"Request received","method":"POST","service":"user-service","url":"/auth/register"}
{"date":"2024-05-07T19:10:40.035Z","level":"error","message":"User already exists","method":"POST","service":"user-service","url":"/register"}
{"date":"2024-05-07T19:10:56.953Z","level":"info","message":"Request received","method":"POST","service":"user-service","url":"/auth/register"}
{"date":"2024-05-07T19:11:13.884Z","level":"info","message":"Request received","method":"POST","service":"user-service","url":"/auth/register"}
{"date":"2024-05-07T19:11:14.183Z","level":"error","message":"User already exists","method":"POST","service":"user-service","url":"/register"}
{"date":"2024-05-07T19:11:14.421Z","level":"info","message":"Request received","method":"POST","service":"user-service","url":"/auth/register"}
{"date":"2024-05-07T19:11:14.772Z","level":"error","message":"User already exists","method":"POST","service":"user-service","url":"/register"}
{"date":"2024-05-07T19:13:05.636Z","level":"info","message":"Request received","method":"POST","service":"user-service","url":"/auth/register"}
{"date":"2024-05-07T19:13:05.913Z","level":"error","message":"User already exists","method":"POST","service":"user-service","url":"/register"}
{"date":"2024-05-07T19:14:05.162Z","level":"info","message":"Request received","method":"POST","service":"user-service","url":"/auth/register"}
{"date":"2024-05-07T19:14:08.992Z","level":"info","message":"Request received","method":"POST","service":"user-service","url":"/auth/register"}
{"date":"2024-05-07T19:14:09.263Z","level":"error","message":"User already exists","method":"POST","service":"user-service","url":"/register"}
{"date":"2024-05-07T19:14:54.256Z","level":"info","message":"Request received","method":"POST","service":"user-service","url":"/auth/register"}
{"date":"2024-05-07T19:14:54.538Z","level":"error","message":"User already exists","method":"POST","service":"user-service","url":"/register"}
{"date":"2024-05-07T19:16:25.048Z","level":"info","message":"Request received","method":"POST","service":"user-service","url":"/auth/register"}
{"date":"2024-05-07T19:16:25.315Z","level":"error","message":"User already exists","method":"POST","service":"user-service","url":"/register"}
{"date":"2024-05-07T19:17:39.367Z","level":"info","message":"Request received","method":"POST","service":"user-service","url":"/auth/login"}
{"date":"2024-05-07T19:17:39.842Z","level":"error","message":"Invalid credentials","method":"POST","service":"user-service","url":"/login"}
{"date":"2024-05-07T19:18:21.171Z","level":"info","message":"Request received","method":"POST","service":"user-service","url":"/auth/login"}
{"date":"2024-05-07T19:18:21.580Z","level":"error","message":"Invalid credentials","method":"POST","service":"user-service","url":"/login"}
{"date":"2024-05-07T19:34:38.379Z","level":"info","message":"Request received","method":"POST","service":"user-service","url":"/auth/register"}
{"date":"2024-05-11T12:40:27.952Z","level":"info","message":"Request received","method":"POST","service":"user-service","url":"/auth/login"}
{"date":"2024-05-11T12:40:33.942Z","level":"error","message":"Invalid credentials","method":"POST","service":"user-service","url":"/login"}
{"date":"2024-05-11T12:40:44.115Z","level":"info","message":"Request received","method":"POST","service":"user-service","url":"/auth/login"}
{"date":"2024-05-11T12:40:44.595Z","level":"error","message":"Invalid credentials","method":"POST","service":"user-service","url":"/login"}
{"date":"2024-05-11T12:41:00.568Z","level":"info","message":"Request received","method":"POST","service":"user-service","url":"/auth/login"}
{"date":"2024-05-11T12:41:01.730Z","level":"error","message":"Invalid credentials","method":"POST","service":"user-service","url":"/login"}
{"date":"2024-05-11T12:41:38.506Z","level":"info","message":"Request received","method":"POST","service":"user-service","url":"/auth/login"}
{"date":"2024-05-11T12:41:38.993Z","level":"error","message":"Invalid credentials","method":"POST","service":"user-service","url":"/login"}
{"date":"2024-05-11T12:43:09.267Z","level":"info","message":"Request received","method":"POST","service":"user-service","url":"/auth/login"}
{"date":"2024-05-11T12:43:09.698Z","level":"error","message":"Invalid credentials","method":"POST","service":"user-service","url":"/login"}
{"date":"2024-05-11T12:43:21.526Z","level":"info","message":"Request received","method":"GET","service":"user-service","url":"/auth/me"}
{"date":"2024-05-11T12:43:22.225Z","level":"info","message":"Request received","method":"POST","service":"user-service","url":"/auth/login"}
{"date":"2024-05-11T12:43:22.676Z","level":"error","message":"Invalid credentials","method":"POST","service":"user-service","url":"/login"}
{"date":"2024-05-11T12:43:26.896Z","level":"info","message":"Request received","method":"POST","service":"user-service","url":"/auth/login"}
{"date":"2024-05-11T12:43:27.364Z","level":"error","message":"Invalid credentials","method":"POST","service":"user-service","url":"/login"}
{"date":"2024-05-11T12:44:26.879Z","level":"info","message":"Request received","method":"GET","service":"user-service","url":"/auth/me"}
{"date":"2024-05-11T12:44:27.098Z","level":"info","message":"Request received","method":"GET","service":"user-service","url":"/auth/me"}
{"date":"2024-05-11T12:44:43.903Z","level":"info","message":"Request received","method":"POST","service":"user-service","url":"/auth/login"}
{"date":"2024-05-11T12:45:04.499Z","level":"info","message":"Request received","method":"POST","service":"user-service","url":"/job/create"}
{"date":"2024-05-11T12:49:36.232Z","level":"info","message":"Request received","method":"GET","service":"user-service","url":"/auth/me"}
{"date":"2024-05-11T12:49:39.734Z","level":"info","message":"Request received","method":"POST","service":"user-service","url":"/auth/login"}
{"date":"2024-05-11T12:49:50.802Z","level":"info","message":"Request received","method":"POST","service":"user-service","url":"/job/create"}
{"date":"2024-05-11T12:50:20.723Z","level":"info","message":"Request received","method":"GET","service":"user-service","url":"/auth/me"}
{"date":"2024-05-11T12:50:24.018Z","level":"info","message":"Request received","method":"POST","service":"user-service","url":"/auth/login"}
{"date":"2024-05-11T12:50:33.650Z","level":"info","message":"Request received","method":"POST","service":"user-service","url":"/job/create"}
{"date":"2024-05-11T12:52:51.570Z","level":"info","message":"Request received","method":"POST","service":"user-service","url":"/job/create"}
{"date":"2024-05-11T12:54:50.979Z","level":"info","message":"Request received","method":"GET","service":"user-service","url":"/auth/me"}
{"date":"2024-05-11T12:55:04.488Z","level":"info","message":"Request received","method":"GET","service":"user-service","url":"/auth/me"}
{"date":"2024-05-11T12:55:18.442Z","level":"info","message":"Request received","method":"POST","service":"user-service","url":"/auth/login"}
{"date":"2024-05-11T12:55:33.152Z","level":"info","message":"Request received","method":"POST","service":"user-service","url":"/job/create"}
{"date":"2024-05-11T12:56:25.500Z","level":"info","message":"Request received","method":"POST","service":"user-service","url":"/job/create"}
{"date":"2024-05-11T12:57:37.563Z","level":"info","message":"Request received","method":"POST","service":"user-service","url":"/job/create"}
{"date":"2024-05-11T12:58:06.001Z","level":"info","message":"Request received","method":"POST","service":"user-service","url":"/job/create"}
{"date":"2024-05-11T12:58:32.425Z","level":"info","message":"Request received","method":"POST","service":"user-service","url":"/job/create"}
{"date":"2024-05-11T12:58:55.355Z","level":"info","message":"Request received","method":"POST","service":"user-service","url":"/job/create"}
{"date":"2024-05-11T13:00:23.612Z","level":"info","message":"Request received","method":"POST","service":"user-service","url":"/auth/login"}
{"date":"2024-05-11T13:00:41.946Z","level":"info","message":"Request received","method":"POST","service":"user-service","url":"/job/create"}
{"date":"2024-05-11T13:02:04.930Z","level":"info","message":"Request received","method":"POST","service":"user-service","url":"/auth/login"}
{"date":"2024-05-11T13:02:27.132Z","level":"info","message":"Request received","method":"POST","service":"user-service","url":"/job/create"}
{"date":"2024-05-11T13:03:17.211Z","level":"info","message":"Request received","method":"POST","service":"user-service","url":"/auth/register"}
{"date":"2024-05-11T13:03:23.645Z","level":"info","message":"Request received","method":"POST","service":"user-service","url":"/auth/login"}
{"date":"2024-05-11T13:03:36.096Z","level":"info","message":"Request received","method":"POST","service":"user-service","url":"/job/create"}
{"date":"2024-05-11T13:05:01.014Z","level":"info","message":"Request received","method":"POST","service":"user-service","url":"/auth/login"}
{"date":"2024-05-11T13:05:27.567Z","level":"info","message":"Request received","method":"POST","service":"user-service","url":"/job/create"}
{"date":"2024-05-11T13:08:35.309Z","level":"info","message":"Request received","method":"GET","service":"user-service","url":"/auth/me"}
{"date":"2024-05-11T13:08:42.724Z","level":"info","message":"Request received","method":"GET","service":"user-service","url":"/auth/me"}
{"date":"2024-05-11T13:08:42.881Z","level":"info","message":"Request received","method":"GET","service":"user-service","url":"/auth/me"}
{"date":"2024-05-11T13:08:55.382Z","level":"info","message":"Request received","method":"POST","service":"user-service","url":"/auth/login"}
{"date":"2024-05-11T13:08:55.650Z","level":"error","message":"User does not exist","method":"POST","service":"user-service","url":"/login"}
{"date":"2024-05-11T13:09:02.545Z","level":"info","message":"Request received","method":"POST","service":"user-service","url":"/auth/login"}
{"date":"2024-05-11T13:09:06.127Z","level":"info","message":"Request received","method":"POST","service":"user-service","url":"/job/create"}
{"date":"2024-05-11T13:09:06.398Z","level":"error","message":"Cannot destructure property 'images' of 'req.files' as it is undefined.","method":"POST","service":"user-service","url":"/create"}
{"date":"2024-05-11T13:09:18.670Z","level":"info","message":"Request received","method":"POST","service":"user-service","url":"/job/create"}
{"date":"2024-05-11T13:09:18.940Z","level":"error","message":"Cannot destructure property 'images' of 'req.files' as it is undefined.","method":"POST","service":"user-service","url":"/create"}
{"date":"2024-05-11T13:09:20.720Z","level":"info","message":"Request received","method":"POST","service":"user-service","url":"/job/create"}
{"date":"2024-05-11T13:09:21.007Z","level":"error","message":"Cannot destructure property 'images' of 'req.files' as it is undefined.","method":"POST","service":"user-service","url":"/create"}
{"date":"2024-05-11T13:09:59.196Z","level":"info","message":"Request received","method":"POST","service":"user-service","url":"/job/create"}
{"date":"2024-05-11T13:09:59.465Z","level":"error","message":"Cannot destructure property 'images' of 'req.files' as it is undefined.","method":"POST","service":"user-service","url":"/create"}
{"date":"2024-05-11T13:10:44.870Z","level":"info","message":"Request received","method":"POST","service":"user-service","url":"/job/create"}
{"date":"2024-05-11T13:10:45.136Z","level":"error","message":"Cannot destructure property 'images' of 'req.files' as it is undefined.","method":"POST","service":"user-service","url":"/create"}
{"date":"2024-05-11T13:10:56.375Z","level":"info","message":"Request received","method":"POST","service":"user-service","url":"/job/create"}
{"date":"2024-05-11T13:10:56.650Z","level":"error","message":"Cannot destructure property 'images' of 'req.files' as it is undefined.","method":"POST","service":"user-service","url":"/create"}
{"date":"2024-05-11T13:12:33.426Z","level":"info","message":"Request received","method":"POST","service":"user-service","url":"/job/create"}
{"date":"2024-05-11T13:12:33.695Z","level":"error","message":"Cannot destructure property 'images' of 'req.files' as it is undefined.","method":"POST","service":"user-service","url":"/create"}
{"date":"2024-05-11T13:14:30.227Z","level":"info","message":"Request received","method":"POST","service":"user-service","url":"/job/create"}
{"date":"2024-05-11T13:14:30.493Z","level":"error","message":"Cannot destructure property 'images' of 'req.files' as it is undefined.","method":"POST","service":"user-service","url":"/create"}
{"date":"2024-05-11T13:23:43.004Z","level":"info","message":"Request received","method":"POST","service":"user-service","url":"/job/create"}
{"date":"2024-05-11T13:23:43.266Z","level":"error","message":"Cannot destructure property 'images' of 'req.files' as it is undefined.","method":"POST","service":"user-service","url":"/create"}
{"date":"2024-05-11T13:25:31.190Z","level":"info","message":"Request received","method":"POST","service":"user-service","url":"/job/create"}
{"date":"2024-05-11T13:25:33.776Z","level":"error","message":"job validation failed: date: Cast to date failed for value \"2025-21-1\" (type string) at path \"date\", timeDuration: Cast to Number failed for value \"timeDuration\" (type string) at path \"timeDuration\", budget: Cast to Number failed for value \"budget\" (type string) at path \"budget\", laundryPickupTime: Path `laundryPickupTime` is required., location.string: Path `location.string` is required., location.coordinates: Path `location.coordinates` is required.","method":"POST","service":"user-service","url":"/create"}
